{"/home/unknown/Projects/libraryMS/libraryMS/backend/controllers/bookController.js": {"path":"/home/unknown/Projects/libraryMS/libraryMS/backend/controllers/bookController.js","statementMap":{"0":{"start":{"line":1,"column":13},"end":{"line":1,"column":38}},"1":{"start":{"line":2,"column":17},"end":{"line":2,"column":46}},"2":{"start":{"line":3,"column":20},"end":{"line":3,"column":52}},"3":{"start":{"line":8,"column":17},"end":{"line":38,"column":1}},"4":{"start":{"line":9,"column":2},"end":{"line":37,"column":3}},"5":{"start":{"line":10,"column":45},"end":{"line":10,"column":54}},"6":{"start":{"line":12,"column":16},"end":{"line":12,"column":34}},"7":{"start":{"line":14,"column":4},"end":{"line":16,"column":5}},"8":{"start":{"line":15,"column":6},"end":{"line":15,"column":40}},"9":{"start":{"line":18,"column":17},"end":{"line":18,"column":35}},"10":{"start":{"line":20,"column":18},"end":{"line":24,"column":29}},"11":{"start":{"line":26,"column":18},"end":{"line":26,"column":50}},"12":{"start":{"line":28,"column":4},"end":{"line":33,"column":7}},"13":{"start":{"line":35,"column":4},"end":{"line":35,"column":25}},"14":{"start":{"line":36,"column":4},"end":{"line":36,"column":54}},"15":{"start":{"line":43,"column":16},"end":{"line":74,"column":1}},"16":{"start":{"line":44,"column":2},"end":{"line":73,"column":3}},"17":{"start":{"line":45,"column":17},"end":{"line":46,"column":48}},"18":{"start":{"line":48,"column":4},"end":{"line":50,"column":5}},"19":{"start":{"line":49,"column":6},"end":{"line":49,"column":65}},"20":{"start":{"line":52,"column":27},"end":{"line":52,"column":32}},"21":{"start":{"line":54,"column":4},"end":{"line":64,"column":5}},"22":{"start":{"line":55,"column":32},"end":{"line":60,"column":8}},"23":{"start":{"line":61,"column":6},"end":{"line":63,"column":7}},"24":{"start":{"line":62,"column":8},"end":{"line":62,"column":32}},"25":{"start":{"line":66,"column":25},"end":{"line":66,"column":40}},"26":{"start":{"line":67,"column":4},"end":{"line":67,"column":53}},"27":{"start":{"line":69,"column":4},"end":{"line":69,"column":27}},"28":{"start":{"line":71,"column":4},"end":{"line":71,"column":25}},"29":{"start":{"line":72,"column":4},"end":{"line":72,"column":54}},"30":{"start":{"line":79,"column":19},"end":{"line":114,"column":1}},"31":{"start":{"line":80,"column":2},"end":{"line":113,"column":3}},"32":{"start":{"line":81,"column":21},"end":{"line":84,"column":5}},"33":{"start":{"line":86,"column":4},"end":{"line":98,"column":5}},"34":{"start":{"line":87,"column":6},"end":{"line":87,"column":39}},"35":{"start":{"line":88,"column":6},"end":{"line":88,"column":40}},"36":{"start":{"line":90,"column":19},"end":{"line":90,"column":36}},"37":{"start":{"line":91,"column":6},"end":{"line":97,"column":7}},"38":{"start":{"line":92,"column":8},"end":{"line":92,"column":36}},"39":{"start":{"line":93,"column":13},"end":{"line":97,"column":7}},"40":{"start":{"line":94,"column":8},"end":{"line":94,"column":37}},"41":{"start":{"line":95,"column":13},"end":{"line":97,"column":7}},"42":{"start":{"line":96,"column":8},"end":{"line":96,"column":37}},"43":{"start":{"line":101,"column":4},"end":{"line":103,"column":5}},"44":{"start":{"line":102,"column":6},"end":{"line":102,"column":85}},"45":{"start":{"line":105,"column":17},"end":{"line":105,"column":44}},"46":{"start":{"line":106,"column":4},"end":{"line":106,"column":57}},"47":{"start":{"line":108,"column":4},"end":{"line":108,"column":121}},"48":{"start":{"line":109,"column":4},"end":{"line":109,"column":31}},"49":{"start":{"line":111,"column":4},"end":{"line":111,"column":25}},"50":{"start":{"line":112,"column":4},"end":{"line":112,"column":54}},"51":{"start":{"line":119,"column":19},"end":{"line":139,"column":1}},"52":{"start":{"line":120,"column":2},"end":{"line":138,"column":3}},"53":{"start":{"line":121,"column":17},"end":{"line":121,"column":51}},"54":{"start":{"line":123,"column":4},"end":{"line":125,"column":5}},"55":{"start":{"line":124,"column":6},"end":{"line":124,"column":65}},"56":{"start":{"line":127,"column":24},"end":{"line":131,"column":47}},"57":{"start":{"line":133,"column":4},"end":{"line":133,"column":94}},"58":{"start":{"line":134,"column":4},"end":{"line":134,"column":26}},"59":{"start":{"line":136,"column":4},"end":{"line":136,"column":25}},"60":{"start":{"line":137,"column":4},"end":{"line":137,"column":54}},"61":{"start":{"line":144,"column":19},"end":{"line":173,"column":1}},"62":{"start":{"line":145,"column":2},"end":{"line":172,"column":3}},"63":{"start":{"line":146,"column":17},"end":{"line":146,"column":51}},"64":{"start":{"line":148,"column":4},"end":{"line":150,"column":5}},"65":{"start":{"line":149,"column":6},"end":{"line":149,"column":65}},"66":{"start":{"line":153,"column":31},"end":{"line":157,"column":6}},"67":{"start":{"line":159,"column":4},"end":{"line":161,"column":5}},"68":{"start":{"line":160,"column":6},"end":{"line":160,"column":94}},"69":{"start":{"line":164,"column":4},"end":{"line":164,"column":26}},"70":{"start":{"line":165,"column":4},"end":{"line":165,"column":22}},"71":{"start":{"line":167,"column":4},"end":{"line":167,"column":94}},"72":{"start":{"line":168,"column":4},"end":{"line":168,"column":55}},"73":{"start":{"line":170,"column":4},"end":{"line":170,"column":25}},"74":{"start":{"line":171,"column":4},"end":{"line":171,"column":54}},"75":{"start":{"line":178,"column":20},"end":{"line":196,"column":1}},"76":{"start":{"line":179,"column":2},"end":{"line":195,"column":3}},"77":{"start":{"line":180,"column":18},"end":{"line":180,"column":27}},"78":{"start":{"line":182,"column":4},"end":{"line":184,"column":5}},"79":{"start":{"line":183,"column":6},"end":{"line":183,"column":72}},"80":{"start":{"line":186,"column":18},"end":{"line":189,"column":48}},"81":{"start":{"line":191,"column":4},"end":{"line":191,"column":20}},"82":{"start":{"line":193,"column":4},"end":{"line":193,"column":25}},"83":{"start":{"line":194,"column":4},"end":{"line":194,"column":54}},"84":{"start":{"line":198,"column":0},"end":{"line":205,"column":2}}},"fnMap":{"0":{"name":"(anonymous_0)","decl":{"start":{"line":8,"column":17},"end":{"line":8,"column":18}},"loc":{"start":{"line":8,"column":37},"end":{"line":38,"column":1}},"line":8},"1":{"name":"(anonymous_1)","decl":{"start":{"line":43,"column":16},"end":{"line":43,"column":17}},"loc":{"start":{"line":43,"column":36},"end":{"line":74,"column":1}},"line":43},"2":{"name":"(anonymous_2)","decl":{"start":{"line":79,"column":19},"end":{"line":79,"column":20}},"loc":{"start":{"line":79,"column":39},"end":{"line":114,"column":1}},"line":79},"3":{"name":"(anonymous_3)","decl":{"start":{"line":119,"column":19},"end":{"line":119,"column":20}},"loc":{"start":{"line":119,"column":39},"end":{"line":139,"column":1}},"line":119},"4":{"name":"(anonymous_4)","decl":{"start":{"line":144,"column":19},"end":{"line":144,"column":20}},"loc":{"start":{"line":144,"column":39},"end":{"line":173,"column":1}},"line":144},"5":{"name":"(anonymous_5)","decl":{"start":{"line":178,"column":20},"end":{"line":178,"column":21}},"loc":{"start":{"line":178,"column":40},"end":{"line":196,"column":1}},"line":178}},"branchMap":{"0":{"loc":{"start":{"line":10,"column":12},"end":{"line":10,"column":20}},"type":"default-arg","locations":[{"start":{"line":10,"column":19},"end":{"line":10,"column":20}}],"line":10},"1":{"loc":{"start":{"line":10,"column":22},"end":{"line":10,"column":32}},"type":"default-arg","locations":[{"start":{"line":10,"column":30},"end":{"line":10,"column":32}}],"line":10},"2":{"loc":{"start":{"line":14,"column":4},"end":{"line":16,"column":5}},"type":"if","locations":[{"start":{"line":14,"column":4},"end":{"line":16,"column":5}},{"start":{},"end":{}}],"line":14},"3":{"loc":{"start":{"line":48,"column":4},"end":{"line":50,"column":5}},"type":"if","locations":[{"start":{"line":48,"column":4},"end":{"line":50,"column":5}},{"start":{},"end":{}}],"line":48},"4":{"loc":{"start":{"line":48,"column":8},"end":{"line":48,"column":31}},"type":"binary-expr","locations":[{"start":{"line":48,"column":8},"end":{"line":48,"column":13}},{"start":{"line":48,"column":17},"end":{"line":48,"column":31}}],"line":48},"5":{"loc":{"start":{"line":54,"column":4},"end":{"line":64,"column":5}},"type":"if","locations":[{"start":{"line":54,"column":4},"end":{"line":64,"column":5}},{"start":{},"end":{}}],"line":54},"6":{"loc":{"start":{"line":61,"column":6},"end":{"line":63,"column":7}},"type":"if","locations":[{"start":{"line":61,"column":6},"end":{"line":63,"column":7}},{"start":{},"end":{}}],"line":61},"7":{"loc":{"start":{"line":86,"column":4},"end":{"line":98,"column":5}},"type":"if","locations":[{"start":{"line":86,"column":4},"end":{"line":98,"column":5}},{"start":{},"end":{}}],"line":86},"8":{"loc":{"start":{"line":91,"column":6},"end":{"line":97,"column":7}},"type":"if","locations":[{"start":{"line":91,"column":6},"end":{"line":97,"column":7}},{"start":{"line":93,"column":13},"end":{"line":97,"column":7}}],"line":91},"9":{"loc":{"start":{"line":93,"column":13},"end":{"line":97,"column":7}},"type":"if","locations":[{"start":{"line":93,"column":13},"end":{"line":97,"column":7}},{"start":{"line":95,"column":13},"end":{"line":97,"column":7}}],"line":93},"10":{"loc":{"start":{"line":95,"column":13},"end":{"line":97,"column":7}},"type":"if","locations":[{"start":{"line":95,"column":13},"end":{"line":97,"column":7}},{"start":{},"end":{}}],"line":95},"11":{"loc":{"start":{"line":101,"column":4},"end":{"line":103,"column":5}},"type":"if","locations":[{"start":{"line":101,"column":4},"end":{"line":103,"column":5}},{"start":{},"end":{}}],"line":101},"12":{"loc":{"start":{"line":101,"column":8},"end":{"line":101,"column":71}},"type":"binary-expr","locations":[{"start":{"line":101,"column":8},"end":{"line":101,"column":29}},{"start":{"line":101,"column":33},"end":{"line":101,"column":71}}],"line":101},"13":{"loc":{"start":{"line":102,"column":46},"end":{"line":102,"column":84}},"type":"binary-expr","locations":[{"start":{"line":102,"column":46},"end":{"line":102,"column":79}},{"start":{"line":102,"column":83},"end":{"line":102,"column":84}}],"line":102},"14":{"loc":{"start":{"line":123,"column":4},"end":{"line":125,"column":5}},"type":"if","locations":[{"start":{"line":123,"column":4},"end":{"line":125,"column":5}},{"start":{},"end":{}}],"line":123},"15":{"loc":{"start":{"line":123,"column":8},"end":{"line":123,"column":31}},"type":"binary-expr","locations":[{"start":{"line":123,"column":8},"end":{"line":123,"column":13}},{"start":{"line":123,"column":17},"end":{"line":123,"column":31}}],"line":123},"16":{"loc":{"start":{"line":148,"column":4},"end":{"line":150,"column":5}},"type":"if","locations":[{"start":{"line":148,"column":4},"end":{"line":150,"column":5}},{"start":{},"end":{}}],"line":148},"17":{"loc":{"start":{"line":159,"column":4},"end":{"line":161,"column":5}},"type":"if","locations":[{"start":{"line":159,"column":4},"end":{"line":161,"column":5}},{"start":{},"end":{}}],"line":159},"18":{"loc":{"start":{"line":182,"column":4},"end":{"line":184,"column":5}},"type":"if","locations":[{"start":{"line":182,"column":4},"end":{"line":184,"column":5}},{"start":{},"end":{}}],"line":182}},"s":{"0":0,"1":0,"2":0,"3":0,"4":0,"5":0,"6":0,"7":0,"8":0,"9":0,"10":0,"11":0,"12":0,"13":0,"14":0,"15":0,"16":0,"17":0,"18":0,"19":0,"20":0,"21":0,"22":0,"23":0,"24":0,"25":0,"26":0,"27":0,"28":0,"29":0,"30":0,"31":0,"32":0,"33":0,"34":0,"35":0,"36":0,"37":0,"38":0,"39":0,"40":0,"41":0,"42":0,"43":0,"44":0,"45":0,"46":0,"47":0,"48":0,"49":0,"50":0,"51":0,"52":0,"53":0,"54":0,"55":0,"56":0,"57":0,"58":0,"59":0,"60":0,"61":0,"62":0,"63":0,"64":0,"65":0,"66":0,"67":0,"68":0,"69":0,"70":0,"71":0,"72":0,"73":0,"74":0,"75":0,"76":0,"77":0,"78":0,"79":0,"80":0,"81":0,"82":0,"83":0,"84":0},"f":{"0":0,"1":0,"2":0,"3":0,"4":0,"5":0},"b":{"0":[0],"1":[0],"2":[0,0],"3":[0,0],"4":[0,0],"5":[0,0],"6":[0,0],"7":[0,0],"8":[0,0],"9":[0,0],"10":[0,0],"11":[0,0],"12":[0,0],"13":[0,0],"14":[0,0],"15":[0,0],"16":[0,0],"17":[0,0],"18":[0,0]}}
,"/home/unknown/Projects/libraryMS/libraryMS/backend/controllers/ebookController.js": {"path":"/home/unknown/Projects/libraryMS/libraryMS/backend/controllers/ebookController.js","statementMap":{"0":{"start":{"line":1,"column":20},"end":{"line":1,"column":52}},"1":{"start":{"line":2,"column":13},"end":{"line":2,"column":38}},"2":{"start":{"line":3,"column":23},"end":{"line":3,"column":38}},"3":{"start":{"line":4,"column":13},"end":{"line":4,"column":28}},"4":{"start":{"line":6,"column":21},"end":{"line":52,"column":1}},"5":{"start":{"line":7,"column":2},"end":{"line":51,"column":3}},"6":{"start":{"line":8,"column":23},"end":{"line":8,"column":31}},"7":{"start":{"line":10,"column":17},"end":{"line":10,"column":44}},"8":{"start":{"line":12,"column":4},"end":{"line":14,"column":5}},"9":{"start":{"line":13,"column":6},"end":{"line":13,"column":65}},"10":{"start":{"line":16,"column":4},"end":{"line":18,"column":5}},"11":{"start":{"line":17,"column":6},"end":{"line":17,"column":86}},"12":{"start":{"line":20,"column":16},"end":{"line":20,"column":26}},"13":{"start":{"line":22,"column":30},"end":{"line":27,"column":6}},"14":{"start":{"line":29,"column":4},"end":{"line":31,"column":5}},"15":{"start":{"line":30,"column":6},"end":{"line":30,"column":105}},"16":{"start":{"line":33,"column":32},"end":{"line":33,"column":42}},"17":{"start":{"line":34,"column":4},"end":{"line":34,"column":70}},"18":{"start":{"line":36,"column":24},"end":{"line":45,"column":6}},"19":{"start":{"line":47,"column":4},"end":{"line":47,"column":38}},"20":{"start":{"line":49,"column":4},"end":{"line":49,"column":25}},"21":{"start":{"line":50,"column":4},"end":{"line":50,"column":54}},"22":{"start":{"line":54,"column":22},"end":{"line":92,"column":1}},"23":{"start":{"line":55,"column":2},"end":{"line":91,"column":3}},"24":{"start":{"line":56,"column":22},"end":{"line":56,"column":32}},"25":{"start":{"line":57,"column":16},"end":{"line":57,"column":26}},"26":{"start":{"line":59,"column":24},"end":{"line":62,"column":23}},"27":{"start":{"line":64,"column":4},"end":{"line":66,"column":5}},"28":{"start":{"line":65,"column":6},"end":{"line":65,"column":83}},"29":{"start":{"line":68,"column":17},"end":{"line":68,"column":33}},"30":{"start":{"line":70,"column":4},"end":{"line":72,"column":5}},"31":{"start":{"line":71,"column":6},"end":{"line":71,"column":82}},"32":{"start":{"line":74,"column":4},"end":{"line":74,"column":35}},"33":{"start":{"line":75,"column":4},"end":{"line":75,"column":29}},"34":{"start":{"line":77,"column":21},"end":{"line":77,"column":47}},"35":{"start":{"line":78,"column":21},"end":{"line":78,"column":95}},"36":{"start":{"line":80,"column":4},"end":{"line":85,"column":7}},"37":{"start":{"line":81,"column":6},"end":{"line":84,"column":7}},"38":{"start":{"line":82,"column":8},"end":{"line":82,"column":51}},"39":{"start":{"line":83,"column":8},"end":{"line":83,"column":68}},"40":{"start":{"line":87,"column":4},"end":{"line":87,"column":25}},"41":{"start":{"line":88,"column":4},"end":{"line":90,"column":5}},"42":{"start":{"line":89,"column":6},"end":{"line":89,"column":56}},"43":{"start":{"line":94,"column":0},"end":{"line":97,"column":2}}},"fnMap":{"0":{"name":"(anonymous_0)","decl":{"start":{"line":6,"column":21},"end":{"line":6,"column":22}},"loc":{"start":{"line":6,"column":41},"end":{"line":52,"column":1}},"line":6},"1":{"name":"(anonymous_1)","decl":{"start":{"line":54,"column":22},"end":{"line":54,"column":23}},"loc":{"start":{"line":54,"column":42},"end":{"line":92,"column":1}},"line":54},"2":{"name":"(anonymous_2)","decl":{"start":{"line":80,"column":37},"end":{"line":80,"column":38}},"loc":{"start":{"line":80,"column":46},"end":{"line":85,"column":5}},"line":80}},"branchMap":{"0":{"loc":{"start":{"line":12,"column":4},"end":{"line":14,"column":5}},"type":"if","locations":[{"start":{"line":12,"column":4},"end":{"line":14,"column":5}},{"start":{},"end":{}}],"line":12},"1":{"loc":{"start":{"line":12,"column":8},"end":{"line":12,"column":31}},"type":"binary-expr","locations":[{"start":{"line":12,"column":8},"end":{"line":12,"column":13}},{"start":{"line":12,"column":17},"end":{"line":12,"column":31}}],"line":12},"2":{"loc":{"start":{"line":16,"column":4},"end":{"line":18,"column":5}},"type":"if","locations":[{"start":{"line":16,"column":4},"end":{"line":18,"column":5}},{"start":{},"end":{}}],"line":16},"3":{"loc":{"start":{"line":29,"column":4},"end":{"line":31,"column":5}},"type":"if","locations":[{"start":{"line":29,"column":4},"end":{"line":31,"column":5}},{"start":{},"end":{}}],"line":29},"4":{"loc":{"start":{"line":64,"column":4},"end":{"line":66,"column":5}},"type":"if","locations":[{"start":{"line":64,"column":4},"end":{"line":66,"column":5}},{"start":{},"end":{}}],"line":64},"5":{"loc":{"start":{"line":64,"column":8},"end":{"line":64,"column":77}},"type":"binary-expr","locations":[{"start":{"line":64,"column":8},"end":{"line":64,"column":20}},{"start":{"line":64,"column":24},"end":{"line":64,"column":77}}],"line":64},"6":{"loc":{"start":{"line":70,"column":4},"end":{"line":72,"column":5}},"type":"if","locations":[{"start":{"line":70,"column":4},"end":{"line":72,"column":5}},{"start":{},"end":{}}],"line":70},"7":{"loc":{"start":{"line":70,"column":8},"end":{"line":70,"column":82}},"type":"binary-expr","locations":[{"start":{"line":70,"column":8},"end":{"line":70,"column":13}},{"start":{"line":70,"column":17},"end":{"line":70,"column":31}},{"start":{"line":70,"column":35},"end":{"line":70,"column":65}},{"start":{"line":70,"column":69},"end":{"line":70,"column":82}}],"line":70},"8":{"loc":{"start":{"line":81,"column":6},"end":{"line":84,"column":7}},"type":"if","locations":[{"start":{"line":81,"column":6},"end":{"line":84,"column":7}},{"start":{},"end":{}}],"line":81},"9":{"loc":{"start":{"line":81,"column":10},"end":{"line":81,"column":33}},"type":"binary-expr","locations":[{"start":{"line":81,"column":10},"end":{"line":81,"column":13}},{"start":{"line":81,"column":17},"end":{"line":81,"column":33}}],"line":81},"10":{"loc":{"start":{"line":88,"column":4},"end":{"line":90,"column":5}},"type":"if","locations":[{"start":{"line":88,"column":4},"end":{"line":90,"column":5}},{"start":{},"end":{}}],"line":88}},"s":{"0":0,"1":0,"2":0,"3":0,"4":0,"5":0,"6":0,"7":0,"8":0,"9":0,"10":0,"11":0,"12":0,"13":0,"14":0,"15":0,"16":0,"17":0,"18":0,"19":0,"20":0,"21":0,"22":0,"23":0,"24":0,"25":0,"26":0,"27":0,"28":0,"29":0,"30":0,"31":0,"32":0,"33":0,"34":0,"35":0,"36":0,"37":0,"38":0,"39":0,"40":0,"41":0,"42":0,"43":0},"f":{"0":0,"1":0,"2":0},"b":{"0":[0,0],"1":[0,0],"2":[0,0],"3":[0,0],"4":[0,0],"5":[0,0],"6":[0,0],"7":[0,0,0,0],"8":[0,0],"9":[0,0],"10":[0,0]}}
,"/home/unknown/Projects/libraryMS/libraryMS/backend/controllers/transactionController.js": {"path":"/home/unknown/Projects/libraryMS/libraryMS/backend/controllers/transactionController.js","statementMap":{"0":{"start":{"line":1,"column":20},"end":{"line":1,"column":52}},"1":{"start":{"line":2,"column":13},"end":{"line":2,"column":38}},"2":{"start":{"line":3,"column":13},"end":{"line":3,"column":38}},"3":{"start":{"line":4,"column":17},"end":{"line":4,"column":46}},"4":{"start":{"line":9,"column":24},"end":{"line":45,"column":1}},"5":{"start":{"line":10,"column":2},"end":{"line":44,"column":3}},"6":{"start":{"line":11,"column":51},"end":{"line":11,"column":60}},"7":{"start":{"line":13,"column":16},"end":{"line":13,"column":18}},"8":{"start":{"line":16,"column":4},"end":{"line":18,"column":5}},"9":{"start":{"line":17,"column":6},"end":{"line":17,"column":32}},"10":{"start":{"line":20,"column":4},"end":{"line":20,"column":38}},"11":{"start":{"line":20,"column":16},"end":{"line":20,"column":38}},"12":{"start":{"line":21,"column":4},"end":{"line":21,"column":32}},"13":{"start":{"line":21,"column":14},"end":{"line":21,"column":32}},"14":{"start":{"line":23,"column":17},"end":{"line":23,"column":35}},"15":{"start":{"line":25,"column":25},"end":{"line":31,"column":29}},"16":{"start":{"line":33,"column":18},"end":{"line":33,"column":57}},"17":{"start":{"line":35,"column":4},"end":{"line":40,"column":7}},"18":{"start":{"line":42,"column":4},"end":{"line":42,"column":25}},"19":{"start":{"line":43,"column":4},"end":{"line":43,"column":54}},"20":{"start":{"line":50,"column":23},"end":{"line":71,"column":1}},"21":{"start":{"line":51,"column":2},"end":{"line":70,"column":3}},"22":{"start":{"line":52,"column":24},"end":{"line":55,"column":51}},"23":{"start":{"line":57,"column":4},"end":{"line":59,"column":5}},"24":{"start":{"line":58,"column":6},"end":{"line":58,"column":72}},"25":{"start":{"line":62,"column":4},"end":{"line":64,"column":5}},"26":{"start":{"line":63,"column":6},"end":{"line":63,"column":90}},"27":{"start":{"line":66,"column":4},"end":{"line":66,"column":26}},"28":{"start":{"line":68,"column":4},"end":{"line":68,"column":25}},"29":{"start":{"line":69,"column":4},"end":{"line":69,"column":54}},"30":{"start":{"line":76,"column":20},"end":{"line":116,"column":1}},"31":{"start":{"line":77,"column":2},"end":{"line":115,"column":3}},"32":{"start":{"line":78,"column":30},"end":{"line":78,"column":38}},"33":{"start":{"line":81,"column":17},"end":{"line":81,"column":44}},"34":{"start":{"line":82,"column":4},"end":{"line":84,"column":5}},"35":{"start":{"line":83,"column":6},"end":{"line":83,"column":69}},"36":{"start":{"line":87,"column":32},"end":{"line":92,"column":6}},"37":{"start":{"line":94,"column":4},"end":{"line":96,"column":5}},"38":{"start":{"line":95,"column":6},"end":{"line":95,"column":84}},"39":{"start":{"line":98,"column":24},"end":{"line":103,"column":6}},"40":{"start":{"line":105,"column":4},"end":{"line":108,"column":7}},"41":{"start":{"line":110,"column":4},"end":{"line":110,"column":134}},"42":{"start":{"line":111,"column":4},"end":{"line":111,"column":38}},"43":{"start":{"line":113,"column":4},"end":{"line":113,"column":25}},"44":{"start":{"line":114,"column":4},"end":{"line":114,"column":54}},"45":{"start":{"line":121,"column":32},"end":{"line":173,"column":1}},"46":{"start":{"line":122,"column":2},"end":{"line":172,"column":3}},"47":{"start":{"line":123,"column":30},"end":{"line":123,"column":38}},"48":{"start":{"line":125,"column":24},"end":{"line":125,"column":65}},"49":{"start":{"line":127,"column":4},"end":{"line":129,"column":5}},"50":{"start":{"line":128,"column":6},"end":{"line":128,"column":72}},"51":{"start":{"line":131,"column":4},"end":{"line":133,"column":5}},"52":{"start":{"line":132,"column":6},"end":{"line":132,"column":87}},"53":{"start":{"line":135,"column":4},"end":{"line":135,"column":32}},"54":{"start":{"line":136,"column":4},"end":{"line":136,"column":42}},"55":{"start":{"line":137,"column":4},"end":{"line":137,"column":51}},"56":{"start":{"line":139,"column":4},"end":{"line":156,"column":5}},"57":{"start":{"line":141,"column":6},"end":{"line":141,"column":40}},"58":{"start":{"line":142,"column":6},"end":{"line":142,"column":76}},"59":{"start":{"line":145,"column":19},"end":{"line":145,"column":56}},"60":{"start":{"line":146,"column":6},"end":{"line":146,"column":29}},"61":{"start":{"line":149,"column":19},"end":{"line":149,"column":56}},"62":{"start":{"line":150,"column":6},"end":{"line":154,"column":9}},"63":{"start":{"line":155,"column":6},"end":{"line":155,"column":24}},"64":{"start":{"line":158,"column":4},"end":{"line":158,"column":29}},"65":{"start":{"line":160,"column":4},"end":{"line":164,"column":7}},"66":{"start":{"line":166,"column":19},"end":{"line":166,"column":90}},"67":{"start":{"line":167,"column":4},"end":{"line":167,"column":95}},"68":{"start":{"line":168,"column":4},"end":{"line":168,"column":26}},"69":{"start":{"line":170,"column":4},"end":{"line":170,"column":25}},"70":{"start":{"line":171,"column":4},"end":{"line":171,"column":54}},"71":{"start":{"line":178,"column":19},"end":{"line":214,"column":1}},"72":{"start":{"line":179,"column":2},"end":{"line":213,"column":3}},"73":{"start":{"line":180,"column":30},"end":{"line":180,"column":38}},"74":{"start":{"line":183,"column":29},"end":{"line":189,"column":6}},"75":{"start":{"line":191,"column":4},"end":{"line":193,"column":5}},"76":{"start":{"line":192,"column":6},"end":{"line":192,"column":86}},"77":{"start":{"line":196,"column":30},"end":{"line":202,"column":6}},"78":{"start":{"line":204,"column":4},"end":{"line":207,"column":7}},"79":{"start":{"line":209,"column":4},"end":{"line":209,"column":44}},"80":{"start":{"line":211,"column":4},"end":{"line":211,"column":25}},"81":{"start":{"line":212,"column":4},"end":{"line":212,"column":54}},"82":{"start":{"line":219,"column":23},"end":{"line":282,"column":1}},"83":{"start":{"line":220,"column":2},"end":{"line":281,"column":3}},"84":{"start":{"line":222,"column":24},"end":{"line":222,"column":65}},"85":{"start":{"line":224,"column":4},"end":{"line":226,"column":5}},"86":{"start":{"line":225,"column":6},"end":{"line":225,"column":72}},"87":{"start":{"line":228,"column":4},"end":{"line":230,"column":5}},"88":{"start":{"line":229,"column":6},"end":{"line":229,"column":85}},"89":{"start":{"line":233,"column":29},"end":{"line":238,"column":6}},"90":{"start":{"line":241,"column":4},"end":{"line":250,"column":5}},"91":{"start":{"line":242,"column":18},"end":{"line":242,"column":28}},"92":{"start":{"line":243,"column":22},"end":{"line":243,"column":56}},"93":{"start":{"line":244,"column":26},"end":{"line":244,"column":63}},"94":{"start":{"line":245,"column":25},"end":{"line":245,"column":82}},"95":{"start":{"line":247,"column":6},"end":{"line":247,"column":40}},"96":{"start":{"line":248,"column":6},"end":{"line":248,"column":47}},"97":{"start":{"line":249,"column":6},"end":{"line":249,"column":36}},"98":{"start":{"line":253,"column":4},"end":{"line":253,"column":37}},"99":{"start":{"line":254,"column":4},"end":{"line":254,"column":40}},"100":{"start":{"line":257,"column":4},"end":{"line":257,"column":29}},"101":{"start":{"line":260,"column":17},"end":{"line":260,"column":54}},"102":{"start":{"line":261,"column":4},"end":{"line":261,"column":28}},"103":{"start":{"line":264,"column":17},"end":{"line":264,"column":54}},"104":{"start":{"line":265,"column":28},"end":{"line":267,"column":5}},"105":{"start":{"line":266,"column":11},"end":{"line":266,"column":77}},"106":{"start":{"line":269,"column":4},"end":{"line":273,"column":5}},"107":{"start":{"line":270,"column":6},"end":{"line":270,"column":56}},"108":{"start":{"line":271,"column":6},"end":{"line":271,"column":64}},"109":{"start":{"line":272,"column":6},"end":{"line":272,"column":24}},"110":{"start":{"line":276,"column":4},"end":{"line":276,"column":112}},"111":{"start":{"line":277,"column":4},"end":{"line":277,"column":72}},"112":{"start":{"line":279,"column":4},"end":{"line":279,"column":25}},"113":{"start":{"line":280,"column":4},"end":{"line":280,"column":54}},"114":{"start":{"line":287,"column":26},"end":{"line":308,"column":1}},"115":{"start":{"line":288,"column":2},"end":{"line":307,"column":3}},"116":{"start":{"line":289,"column":24},"end":{"line":289,"column":65}},"117":{"start":{"line":291,"column":4},"end":{"line":293,"column":5}},"118":{"start":{"line":292,"column":6},"end":{"line":292,"column":72}},"119":{"start":{"line":296,"column":4},"end":{"line":300,"column":5}},"120":{"start":{"line":297,"column":6},"end":{"line":299,"column":9}},"121":{"start":{"line":302,"column":4},"end":{"line":302,"column":55}},"122":{"start":{"line":303,"column":4},"end":{"line":303,"column":62}},"123":{"start":{"line":305,"column":4},"end":{"line":305,"column":25}},"124":{"start":{"line":306,"column":4},"end":{"line":306,"column":54}},"125":{"start":{"line":310,"column":0},"end":{"line":318,"column":2}}},"fnMap":{"0":{"name":"(anonymous_0)","decl":{"start":{"line":9,"column":24},"end":{"line":9,"column":25}},"loc":{"start":{"line":9,"column":44},"end":{"line":45,"column":1}},"line":9},"1":{"name":"(anonymous_1)","decl":{"start":{"line":50,"column":23},"end":{"line":50,"column":24}},"loc":{"start":{"line":50,"column":43},"end":{"line":71,"column":1}},"line":50},"2":{"name":"(anonymous_2)","decl":{"start":{"line":76,"column":20},"end":{"line":76,"column":21}},"loc":{"start":{"line":76,"column":40},"end":{"line":116,"column":1}},"line":76},"3":{"name":"(anonymous_3)","decl":{"start":{"line":121,"column":32},"end":{"line":121,"column":33}},"loc":{"start":{"line":121,"column":52},"end":{"line":173,"column":1}},"line":121},"4":{"name":"(anonymous_4)","decl":{"start":{"line":178,"column":19},"end":{"line":178,"column":20}},"loc":{"start":{"line":178,"column":39},"end":{"line":214,"column":1}},"line":178},"5":{"name":"(anonymous_5)","decl":{"start":{"line":219,"column":23},"end":{"line":219,"column":24}},"loc":{"start":{"line":219,"column":43},"end":{"line":282,"column":1}},"line":219},"6":{"name":"(anonymous_6)","decl":{"start":{"line":266,"column":6},"end":{"line":266,"column":7}},"loc":{"start":{"line":266,"column":11},"end":{"line":266,"column":77}},"line":266},"7":{"name":"(anonymous_7)","decl":{"start":{"line":287,"column":26},"end":{"line":287,"column":27}},"loc":{"start":{"line":287,"column":46},"end":{"line":308,"column":1}},"line":287}},"branchMap":{"0":{"loc":{"start":{"line":11,"column":12},"end":{"line":11,"column":20}},"type":"default-arg","locations":[{"start":{"line":11,"column":19},"end":{"line":11,"column":20}}],"line":11},"1":{"loc":{"start":{"line":11,"column":22},"end":{"line":11,"column":32}},"type":"default-arg","locations":[{"start":{"line":11,"column":30},"end":{"line":11,"column":32}}],"line":11},"2":{"loc":{"start":{"line":16,"column":4},"end":{"line":18,"column":5}},"type":"if","locations":[{"start":{"line":16,"column":4},"end":{"line":18,"column":5}},{"start":{},"end":{}}],"line":16},"3":{"loc":{"start":{"line":20,"column":4},"end":{"line":20,"column":38}},"type":"if","locations":[{"start":{"line":20,"column":4},"end":{"line":20,"column":38}},{"start":{},"end":{}}],"line":20},"4":{"loc":{"start":{"line":21,"column":4},"end":{"line":21,"column":32}},"type":"if","locations":[{"start":{"line":21,"column":4},"end":{"line":21,"column":32}},{"start":{},"end":{}}],"line":21},"5":{"loc":{"start":{"line":57,"column":4},"end":{"line":59,"column":5}},"type":"if","locations":[{"start":{"line":57,"column":4},"end":{"line":59,"column":5}},{"start":{},"end":{}}],"line":57},"6":{"loc":{"start":{"line":62,"column":4},"end":{"line":64,"column":5}},"type":"if","locations":[{"start":{"line":62,"column":4},"end":{"line":64,"column":5}},{"start":{},"end":{}}],"line":62},"7":{"loc":{"start":{"line":62,"column":8},"end":{"line":62,"column":96}},"type":"binary-expr","locations":[{"start":{"line":62,"column":8},"end":{"line":62,"column":33}},{"start":{"line":62,"column":37},"end":{"line":62,"column":96}}],"line":62},"8":{"loc":{"start":{"line":82,"column":4},"end":{"line":84,"column":5}},"type":"if","locations":[{"start":{"line":82,"column":4},"end":{"line":84,"column":5}},{"start":{},"end":{}}],"line":82},"9":{"loc":{"start":{"line":82,"column":8},"end":{"line":82,"column":54}},"type":"binary-expr","locations":[{"start":{"line":82,"column":8},"end":{"line":82,"column":13}},{"start":{"line":82,"column":17},"end":{"line":82,"column":31}},{"start":{"line":82,"column":35},"end":{"line":82,"column":54}}],"line":82},"10":{"loc":{"start":{"line":94,"column":4},"end":{"line":96,"column":5}},"type":"if","locations":[{"start":{"line":94,"column":4},"end":{"line":96,"column":5}},{"start":{},"end":{}}],"line":94},"11":{"loc":{"start":{"line":127,"column":4},"end":{"line":129,"column":5}},"type":"if","locations":[{"start":{"line":127,"column":4},"end":{"line":129,"column":5}},{"start":{},"end":{}}],"line":127},"12":{"loc":{"start":{"line":131,"column":4},"end":{"line":133,"column":5}},"type":"if","locations":[{"start":{"line":131,"column":4},"end":{"line":133,"column":5}},{"start":{},"end":{}}],"line":131},"13":{"loc":{"start":{"line":137,"column":24},"end":{"line":137,"column":50}},"type":"binary-expr","locations":[{"start":{"line":137,"column":24},"end":{"line":137,"column":29}},{"start":{"line":137,"column":33},"end":{"line":137,"column":50}}],"line":137},"14":{"loc":{"start":{"line":139,"column":4},"end":{"line":156,"column":5}},"type":"if","locations":[{"start":{"line":139,"column":4},"end":{"line":156,"column":5}},{"start":{},"end":{}}],"line":139},"15":{"loc":{"start":{"line":139,"column":8},"end":{"line":139,"column":61}},"type":"binary-expr","locations":[{"start":{"line":139,"column":8},"end":{"line":139,"column":29}},{"start":{"line":139,"column":33},"end":{"line":139,"column":61}}],"line":139},"16":{"loc":{"start":{"line":166,"column":19},"end":{"line":166,"column":90}},"type":"cond-expr","locations":[{"start":{"line":166,"column":43},"end":{"line":166,"column":65}},{"start":{"line":166,"column":68},"end":{"line":166,"column":90}}],"line":166},"17":{"loc":{"start":{"line":191,"column":4},"end":{"line":193,"column":5}},"type":"if","locations":[{"start":{"line":191,"column":4},"end":{"line":193,"column":5}},{"start":{},"end":{}}],"line":191},"18":{"loc":{"start":{"line":224,"column":4},"end":{"line":226,"column":5}},"type":"if","locations":[{"start":{"line":224,"column":4},"end":{"line":226,"column":5}},{"start":{},"end":{}}],"line":224},"19":{"loc":{"start":{"line":228,"column":4},"end":{"line":230,"column":5}},"type":"if","locations":[{"start":{"line":228,"column":4},"end":{"line":230,"column":5}},{"start":{},"end":{}}],"line":228},"20":{"loc":{"start":{"line":228,"column":8},"end":{"line":228,"column":74}},"type":"binary-expr","locations":[{"start":{"line":228,"column":8},"end":{"line":228,"column":37}},{"start":{"line":228,"column":41},"end":{"line":228,"column":74}}],"line":228},"21":{"loc":{"start":{"line":241,"column":4},"end":{"line":250,"column":5}},"type":"if","locations":[{"start":{"line":241,"column":4},"end":{"line":250,"column":5}},{"start":{},"end":{}}],"line":241},"22":{"loc":{"start":{"line":241,"column":8},"end":{"line":241,"column":65}},"type":"binary-expr","locations":[{"start":{"line":241,"column":8},"end":{"line":241,"column":24}},{"start":{"line":241,"column":28},"end":{"line":241,"column":65}}],"line":241},"23":{"loc":{"start":{"line":245,"column":40},"end":{"line":245,"column":81}},"type":"binary-expr","locations":[{"start":{"line":245,"column":40},"end":{"line":245,"column":76}},{"start":{"line":245,"column":80},"end":{"line":245,"column":81}}],"line":245},"24":{"loc":{"start":{"line":266,"column":11},"end":{"line":266,"column":77}},"type":"binary-expr","locations":[{"start":{"line":266,"column":11},"end":{"line":266,"column":62}},{"start":{"line":266,"column":66},"end":{"line":266,"column":77}}],"line":266},"25":{"loc":{"start":{"line":269,"column":4},"end":{"line":273,"column":5}},"type":"if","locations":[{"start":{"line":269,"column":4},"end":{"line":273,"column":5}},{"start":{},"end":{}}],"line":269},"26":{"loc":{"start":{"line":291,"column":4},"end":{"line":293,"column":5}},"type":"if","locations":[{"start":{"line":291,"column":4},"end":{"line":293,"column":5}},{"start":{},"end":{}}],"line":291},"27":{"loc":{"start":{"line":296,"column":4},"end":{"line":300,"column":5}},"type":"if","locations":[{"start":{"line":296,"column":4},"end":{"line":300,"column":5}},{"start":{},"end":{}}],"line":296},"28":{"loc":{"start":{"line":296,"column":8},"end":{"line":296,"column":100}},"type":"binary-expr","locations":[{"start":{"line":296,"column":8},"end":{"line":296,"column":36}},{"start":{"line":296,"column":40},"end":{"line":296,"column":73}},{"start":{"line":296,"column":77},"end":{"line":296,"column":100}}],"line":296}},"s":{"0":0,"1":0,"2":0,"3":0,"4":0,"5":0,"6":0,"7":0,"8":0,"9":0,"10":0,"11":0,"12":0,"13":0,"14":0,"15":0,"16":0,"17":0,"18":0,"19":0,"20":0,"21":0,"22":0,"23":0,"24":0,"25":0,"26":0,"27":0,"28":0,"29":0,"30":0,"31":0,"32":0,"33":0,"34":0,"35":0,"36":0,"37":0,"38":0,"39":0,"40":0,"41":0,"42":0,"43":0,"44":0,"45":0,"46":0,"47":0,"48":0,"49":0,"50":0,"51":0,"52":0,"53":0,"54":0,"55":0,"56":0,"57":0,"58":0,"59":0,"60":0,"61":0,"62":0,"63":0,"64":0,"65":0,"66":0,"67":0,"68":0,"69":0,"70":0,"71":0,"72":0,"73":0,"74":0,"75":0,"76":0,"77":0,"78":0,"79":0,"80":0,"81":0,"82":0,"83":0,"84":0,"85":0,"86":0,"87":0,"88":0,"89":0,"90":0,"91":0,"92":0,"93":0,"94":0,"95":0,"96":0,"97":0,"98":0,"99":0,"100":0,"101":0,"102":0,"103":0,"104":0,"105":0,"106":0,"107":0,"108":0,"109":0,"110":0,"111":0,"112":0,"113":0,"114":0,"115":0,"116":0,"117":0,"118":0,"119":0,"120":0,"121":0,"122":0,"123":0,"124":0,"125":0},"f":{"0":0,"1":0,"2":0,"3":0,"4":0,"5":0,"6":0,"7":0},"b":{"0":[0],"1":[0],"2":[0,0],"3":[0,0],"4":[0,0],"5":[0,0],"6":[0,0],"7":[0,0],"8":[0,0],"9":[0,0,0],"10":[0,0],"11":[0,0],"12":[0,0],"13":[0,0],"14":[0,0],"15":[0,0],"16":[0,0],"17":[0,0],"18":[0,0],"19":[0,0],"20":[0,0],"21":[0,0],"22":[0,0],"23":[0,0],"24":[0,0],"25":[0,0],"26":[0,0],"27":[0,0],"28":[0,0,0]}}
,"/home/unknown/Projects/libraryMS/libraryMS/backend/controllers/userController.js": {"path":"/home/unknown/Projects/libraryMS/libraryMS/backend/controllers/userController.js","statementMap":{"0":{"start":{"line":1,"column":13},"end":{"line":1,"column":38}},"1":{"start":{"line":2,"column":17},"end":{"line":2,"column":46}},"2":{"start":{"line":3,"column":20},"end":{"line":3,"column":52}},"3":{"start":{"line":4,"column":13},"end":{"line":4,"column":38}},"4":{"start":{"line":9,"column":19},"end":{"line":20,"column":1}},"5":{"start":{"line":10,"column":2},"end":{"line":19,"column":3}},"6":{"start":{"line":11,"column":17},"end":{"line":13,"column":53}},"7":{"start":{"line":15,"column":4},"end":{"line":15,"column":19}},"8":{"start":{"line":17,"column":4},"end":{"line":17,"column":25}},"9":{"start":{"line":18,"column":4},"end":{"line":18,"column":54}},"10":{"start":{"line":25,"column":22},"end":{"line":40,"column":1}},"11":{"start":{"line":26,"column":2},"end":{"line":39,"column":3}},"12":{"start":{"line":27,"column":58},"end":{"line":27,"column":66}},"13":{"start":{"line":29,"column":17},"end":{"line":33,"column":25}},"14":{"start":{"line":35,"column":4},"end":{"line":35,"column":19}},"15":{"start":{"line":37,"column":4},"end":{"line":37,"column":25}},"16":{"start":{"line":38,"column":4},"end":{"line":38,"column":54}},"17":{"start":{"line":45,"column":26},"end":{"line":56,"column":1}},"18":{"start":{"line":46,"column":2},"end":{"line":55,"column":3}},"19":{"start":{"line":47,"column":25},"end":{"line":49,"column":30}},"20":{"start":{"line":51,"column":4},"end":{"line":51,"column":27}},"21":{"start":{"line":53,"column":4},"end":{"line":53,"column":25}},"22":{"start":{"line":54,"column":4},"end":{"line":54,"column":54}},"23":{"start":{"line":61,"column":17},"end":{"line":95,"column":1}},"24":{"start":{"line":62,"column":2},"end":{"line":94,"column":3}},"25":{"start":{"line":63,"column":45},"end":{"line":63,"column":54}},"26":{"start":{"line":65,"column":16},"end":{"line":65,"column":18}},"27":{"start":{"line":67,"column":4},"end":{"line":73,"column":5}},"28":{"start":{"line":68,"column":6},"end":{"line":72,"column":8}},"29":{"start":{"line":75,"column":17},"end":{"line":75,"column":35}},"30":{"start":{"line":77,"column":18},"end":{"line":81,"column":29}},"31":{"start":{"line":83,"column":18},"end":{"line":83,"column":50}},"32":{"start":{"line":85,"column":4},"end":{"line":90,"column":7}},"33":{"start":{"line":92,"column":4},"end":{"line":92,"column":25}},"34":{"start":{"line":93,"column":4},"end":{"line":93,"column":54}},"35":{"start":{"line":100,"column":16},"end":{"line":120,"column":1}},"36":{"start":{"line":101,"column":2},"end":{"line":119,"column":3}},"37":{"start":{"line":102,"column":17},"end":{"line":104,"column":53}},"38":{"start":{"line":106,"column":4},"end":{"line":108,"column":5}},"39":{"start":{"line":107,"column":6},"end":{"line":107,"column":65}},"40":{"start":{"line":110,"column":25},"end":{"line":113,"column":16}},"41":{"start":{"line":115,"column":4},"end":{"line":115,"column":37}},"42":{"start":{"line":117,"column":4},"end":{"line":117,"column":25}},"43":{"start":{"line":118,"column":4},"end":{"line":118,"column":54}},"44":{"start":{"line":125,"column":19},"end":{"line":145,"column":1}},"45":{"start":{"line":126,"column":2},"end":{"line":144,"column":3}},"46":{"start":{"line":127,"column":74},"end":{"line":127,"column":82}},"47":{"start":{"line":129,"column":17},"end":{"line":133,"column":25}},"48":{"start":{"line":135,"column":4},"end":{"line":137,"column":5}},"49":{"start":{"line":136,"column":6},"end":{"line":136,"column":65}},"50":{"start":{"line":139,"column":4},"end":{"line":139,"column":94}},"51":{"start":{"line":140,"column":4},"end":{"line":140,"column":19}},"52":{"start":{"line":142,"column":4},"end":{"line":142,"column":25}},"53":{"start":{"line":143,"column":4},"end":{"line":143,"column":54}},"54":{"start":{"line":150,"column":19},"end":{"line":181,"column":1}},"55":{"start":{"line":151,"column":2},"end":{"line":180,"column":3}},"56":{"start":{"line":152,"column":17},"end":{"line":152,"column":51}},"57":{"start":{"line":154,"column":4},"end":{"line":156,"column":5}},"58":{"start":{"line":155,"column":6},"end":{"line":155,"column":65}},"59":{"start":{"line":159,"column":31},"end":{"line":163,"column":6}},"60":{"start":{"line":165,"column":4},"end":{"line":169,"column":5}},"61":{"start":{"line":166,"column":6},"end":{"line":168,"column":9}},"62":{"start":{"line":172,"column":4},"end":{"line":172,"column":26}},"63":{"start":{"line":173,"column":4},"end":{"line":173,"column":22}},"64":{"start":{"line":175,"column":4},"end":{"line":175,"column":94}},"65":{"start":{"line":176,"column":4},"end":{"line":176,"column":55}},"66":{"start":{"line":178,"column":4},"end":{"line":178,"column":25}},"67":{"start":{"line":179,"column":4},"end":{"line":179,"column":54}},"68":{"start":{"line":186,"column":26},"end":{"line":220,"column":1}},"69":{"start":{"line":187,"column":2},"end":{"line":219,"column":3}},"70":{"start":{"line":195,"column":8},"end":{"line":206,"column":6}},"71":{"start":{"line":208,"column":4},"end":{"line":215,"column":7}},"72":{"start":{"line":217,"column":4},"end":{"line":217,"column":51}},"73":{"start":{"line":218,"column":4},"end":{"line":218,"column":54}},"74":{"start":{"line":225,"column":30},"end":{"line":236,"column":1}},"75":{"start":{"line":226,"column":2},"end":{"line":235,"column":3}},"76":{"start":{"line":227,"column":17},"end":{"line":230,"column":16}},"77":{"start":{"line":231,"column":4},"end":{"line":231,"column":19}},"78":{"start":{"line":233,"column":4},"end":{"line":233,"column":46}},"79":{"start":{"line":234,"column":4},"end":{"line":234,"column":54}},"80":{"start":{"line":238,"column":0},"end":{"line":248,"column":2}}},"fnMap":{"0":{"name":"(anonymous_0)","decl":{"start":{"line":9,"column":19},"end":{"line":9,"column":20}},"loc":{"start":{"line":9,"column":39},"end":{"line":20,"column":1}},"line":9},"1":{"name":"(anonymous_1)","decl":{"start":{"line":25,"column":22},"end":{"line":25,"column":23}},"loc":{"start":{"line":25,"column":42},"end":{"line":40,"column":1}},"line":25},"2":{"name":"(anonymous_2)","decl":{"start":{"line":45,"column":26},"end":{"line":45,"column":27}},"loc":{"start":{"line":45,"column":46},"end":{"line":56,"column":1}},"line":45},"3":{"name":"(anonymous_3)","decl":{"start":{"line":61,"column":17},"end":{"line":61,"column":18}},"loc":{"start":{"line":61,"column":37},"end":{"line":95,"column":1}},"line":61},"4":{"name":"(anonymous_4)","decl":{"start":{"line":100,"column":16},"end":{"line":100,"column":17}},"loc":{"start":{"line":100,"column":36},"end":{"line":120,"column":1}},"line":100},"5":{"name":"(anonymous_5)","decl":{"start":{"line":125,"column":19},"end":{"line":125,"column":20}},"loc":{"start":{"line":125,"column":39},"end":{"line":145,"column":1}},"line":125},"6":{"name":"(anonymous_6)","decl":{"start":{"line":150,"column":19},"end":{"line":150,"column":20}},"loc":{"start":{"line":150,"column":39},"end":{"line":181,"column":1}},"line":150},"7":{"name":"(anonymous_7)","decl":{"start":{"line":186,"column":26},"end":{"line":186,"column":27}},"loc":{"start":{"line":186,"column":46},"end":{"line":220,"column":1}},"line":186},"8":{"name":"(anonymous_8)","decl":{"start":{"line":225,"column":30},"end":{"line":225,"column":31}},"loc":{"start":{"line":225,"column":50},"end":{"line":236,"column":1}},"line":225}},"branchMap":{"0":{"loc":{"start":{"line":63,"column":12},"end":{"line":63,"column":20}},"type":"default-arg","locations":[{"start":{"line":63,"column":19},"end":{"line":63,"column":20}}],"line":63},"1":{"loc":{"start":{"line":63,"column":22},"end":{"line":63,"column":32}},"type":"default-arg","locations":[{"start":{"line":63,"column":30},"end":{"line":63,"column":32}}],"line":63},"2":{"loc":{"start":{"line":67,"column":4},"end":{"line":73,"column":5}},"type":"if","locations":[{"start":{"line":67,"column":4},"end":{"line":73,"column":5}},{"start":{},"end":{}}],"line":67},"3":{"loc":{"start":{"line":106,"column":4},"end":{"line":108,"column":5}},"type":"if","locations":[{"start":{"line":106,"column":4},"end":{"line":108,"column":5}},{"start":{},"end":{}}],"line":106},"4":{"loc":{"start":{"line":135,"column":4},"end":{"line":137,"column":5}},"type":"if","locations":[{"start":{"line":135,"column":4},"end":{"line":137,"column":5}},{"start":{},"end":{}}],"line":135},"5":{"loc":{"start":{"line":154,"column":4},"end":{"line":156,"column":5}},"type":"if","locations":[{"start":{"line":154,"column":4},"end":{"line":156,"column":5}},{"start":{},"end":{}}],"line":154},"6":{"loc":{"start":{"line":165,"column":4},"end":{"line":169,"column":5}},"type":"if","locations":[{"start":{"line":165,"column":4},"end":{"line":169,"column":5}},{"start":{},"end":{}}],"line":165}},"s":{"0":0,"1":0,"2":0,"3":0,"4":0,"5":0,"6":0,"7":0,"8":0,"9":0,"10":0,"11":0,"12":0,"13":0,"14":0,"15":0,"16":0,"17":0,"18":0,"19":0,"20":0,"21":0,"22":0,"23":0,"24":0,"25":0,"26":0,"27":0,"28":0,"29":0,"30":0,"31":0,"32":0,"33":0,"34":0,"35":0,"36":0,"37":0,"38":0,"39":0,"40":0,"41":0,"42":0,"43":0,"44":0,"45":0,"46":0,"47":0,"48":0,"49":0,"50":0,"51":0,"52":0,"53":0,"54":0,"55":0,"56":0,"57":0,"58":0,"59":0,"60":0,"61":0,"62":0,"63":0,"64":0,"65":0,"66":0,"67":0,"68":0,"69":0,"70":0,"71":0,"72":0,"73":0,"74":0,"75":0,"76":0,"77":0,"78":0,"79":0,"80":0},"f":{"0":0,"1":0,"2":0,"3":0,"4":0,"5":0,"6":0,"7":0,"8":0},"b":{"0":[0],"1":[0],"2":[0,0],"3":[0,0],"4":[0,0],"5":[0,0],"6":[0,0]}}
,"/home/unknown/Projects/libraryMS/libraryMS/backend/middleware/auth.js": {"path":"/home/unknown/Projects/libraryMS/libraryMS/backend/middleware/auth.js","statementMap":{"0":{"start":{"line":1,"column":12},"end":{"line":1,"column":35}},"1":{"start":{"line":2,"column":13},"end":{"line":2,"column":38}},"2":{"start":{"line":5,"column":16},"end":{"line":36,"column":1}},"3":{"start":{"line":6,"column":2},"end":{"line":35,"column":3}},"4":{"start":{"line":9,"column":4},"end":{"line":11,"column":5}},"5":{"start":{"line":10,"column":6},"end":{"line":10,"column":54}},"6":{"start":{"line":13,"column":4},"end":{"line":15,"column":5}},"7":{"start":{"line":14,"column":6},"end":{"line":14,"column":75}},"8":{"start":{"line":18,"column":20},"end":{"line":18,"column":61}},"9":{"start":{"line":21,"column":4},"end":{"line":21,"column":67}},"10":{"start":{"line":23,"column":4},"end":{"line":25,"column":5}},"11":{"start":{"line":24,"column":6},"end":{"line":24,"column":81}},"12":{"start":{"line":27,"column":4},"end":{"line":29,"column":5}},"13":{"start":{"line":28,"column":6},"end":{"line":28,"column":73}},"14":{"start":{"line":31,"column":4},"end":{"line":31,"column":11}},"15":{"start":{"line":33,"column":4},"end":{"line":33,"column":25}},"16":{"start":{"line":34,"column":4},"end":{"line":34,"column":70}},"17":{"start":{"line":39,"column":14},"end":{"line":45,"column":1}},"18":{"start":{"line":40,"column":2},"end":{"line":44,"column":3}},"19":{"start":{"line":41,"column":4},"end":{"line":41,"column":11}},"20":{"start":{"line":43,"column":4},"end":{"line":43,"column":65}},"21":{"start":{"line":48,"column":22},"end":{"line":52,"column":1}},"22":{"start":{"line":49,"column":2},"end":{"line":51,"column":5}},"23":{"start":{"line":54,"column":0},"end":{"line":54,"column":51}}},"fnMap":{"0":{"name":"(anonymous_0)","decl":{"start":{"line":5,"column":16},"end":{"line":5,"column":17}},"loc":{"start":{"line":5,"column":42},"end":{"line":36,"column":1}},"line":5},"1":{"name":"(anonymous_1)","decl":{"start":{"line":39,"column":14},"end":{"line":39,"column":15}},"loc":{"start":{"line":39,"column":34},"end":{"line":45,"column":1}},"line":39},"2":{"name":"(anonymous_2)","decl":{"start":{"line":48,"column":22},"end":{"line":48,"column":23}},"loc":{"start":{"line":48,"column":30},"end":{"line":52,"column":1}},"line":48}},"branchMap":{"0":{"loc":{"start":{"line":9,"column":4},"end":{"line":11,"column":5}},"type":"if","locations":[{"start":{"line":9,"column":4},"end":{"line":11,"column":5}},{"start":{},"end":{}}],"line":9},"1":{"loc":{"start":{"line":9,"column":8},"end":{"line":9,"column":83}},"type":"binary-expr","locations":[{"start":{"line":9,"column":8},"end":{"line":9,"column":33}},{"start":{"line":9,"column":37},"end":{"line":9,"column":83}}],"line":9},"2":{"loc":{"start":{"line":13,"column":4},"end":{"line":15,"column":5}},"type":"if","locations":[{"start":{"line":13,"column":4},"end":{"line":15,"column":5}},{"start":{},"end":{}}],"line":13},"3":{"loc":{"start":{"line":23,"column":4},"end":{"line":25,"column":5}},"type":"if","locations":[{"start":{"line":23,"column":4},"end":{"line":25,"column":5}},{"start":{},"end":{}}],"line":23},"4":{"loc":{"start":{"line":27,"column":4},"end":{"line":29,"column":5}},"type":"if","locations":[{"start":{"line":27,"column":4},"end":{"line":29,"column":5}},{"start":{},"end":{}}],"line":27},"5":{"loc":{"start":{"line":40,"column":2},"end":{"line":44,"column":3}},"type":"if","locations":[{"start":{"line":40,"column":2},"end":{"line":44,"column":3}},{"start":{"line":42,"column":9},"end":{"line":44,"column":3}}],"line":40},"6":{"loc":{"start":{"line":40,"column":6},"end":{"line":40,"column":43}},"type":"binary-expr","locations":[{"start":{"line":40,"column":6},"end":{"line":40,"column":14}},{"start":{"line":40,"column":18},"end":{"line":40,"column":43}}],"line":40}},"s":{"0":0,"1":0,"2":0,"3":0,"4":0,"5":0,"6":0,"7":0,"8":0,"9":0,"10":0,"11":0,"12":0,"13":0,"14":0,"15":0,"16":0,"17":0,"18":0,"19":0,"20":0,"21":0,"22":0,"23":0},"f":{"0":0,"1":0,"2":0},"b":{"0":[0,0],"1":[0,0],"2":[0,0],"3":[0,0],"4":[0,0],"5":[0,0],"6":[0,0]}}
,"/home/unknown/Projects/libraryMS/libraryMS/backend/middleware/cache.js": {"path":"/home/unknown/Projects/libraryMS/libraryMS/backend/middleware/cache.js","statementMap":{"0":{"start":{"line":1,"column":18},"end":{"line":1,"column":39}},"1":{"start":{"line":4,"column":14},"end":{"line":4,"column":44}},"2":{"start":{"line":10,"column":24},"end":{"line":48,"column":1}},"3":{"start":{"line":11,"column":2},"end":{"line":47,"column":4}},"4":{"start":{"line":13,"column":4},"end":{"line":15,"column":5}},"5":{"start":{"line":14,"column":6},"end":{"line":14,"column":20}},"6":{"start":{"line":18,"column":16},"end":{"line":18,"column":31}},"7":{"start":{"line":19,"column":27},"end":{"line":19,"column":41}},"8":{"start":{"line":22,"column":4},"end":{"line":24,"column":5}},"9":{"start":{"line":23,"column":6},"end":{"line":23,"column":38}},"10":{"start":{"line":27,"column":25},"end":{"line":27,"column":33}},"11":{"start":{"line":30,"column":4},"end":{"line":44,"column":6}},"12":{"start":{"line":32,"column":6},"end":{"line":32,"column":30}},"13":{"start":{"line":35,"column":6},"end":{"line":41,"column":7}},"14":{"start":{"line":36,"column":8},"end":{"line":40,"column":9}},"15":{"start":{"line":37,"column":10},"end":{"line":37,"column":41}},"16":{"start":{"line":39,"column":10},"end":{"line":39,"column":31}},"17":{"start":{"line":43,"column":6},"end":{"line":43,"column":28}},"18":{"start":{"line":46,"column":4},"end":{"line":46,"column":11}},"19":{"start":{"line":50,"column":0},"end":{"line":53,"column":2}}},"fnMap":{"0":{"name":"(anonymous_0)","decl":{"start":{"line":10,"column":24},"end":{"line":10,"column":25}},"loc":{"start":{"line":10,"column":38},"end":{"line":48,"column":1}},"line":10},"1":{"name":"(anonymous_1)","decl":{"start":{"line":11,"column":9},"end":{"line":11,"column":10}},"loc":{"start":{"line":11,"column":29},"end":{"line":47,"column":3}},"line":11},"2":{"name":"(anonymous_2)","decl":{"start":{"line":30,"column":15},"end":{"line":30,"column":16}},"loc":{"start":{"line":30,"column":31},"end":{"line":44,"column":5}},"line":30}},"branchMap":{"0":{"loc":{"start":{"line":13,"column":4},"end":{"line":15,"column":5}},"type":"if","locations":[{"start":{"line":13,"column":4},"end":{"line":15,"column":5}},{"start":{},"end":{}}],"line":13},"1":{"loc":{"start":{"line":22,"column":4},"end":{"line":24,"column":5}},"type":"if","locations":[{"start":{"line":22,"column":4},"end":{"line":24,"column":5}},{"start":{},"end":{}}],"line":22},"2":{"loc":{"start":{"line":35,"column":6},"end":{"line":41,"column":7}},"type":"if","locations":[{"start":{"line":35,"column":6},"end":{"line":41,"column":7}},{"start":{},"end":{}}],"line":35},"3":{"loc":{"start":{"line":35,"column":10},"end":{"line":35,"column":55}},"type":"binary-expr","locations":[{"start":{"line":35,"column":10},"end":{"line":35,"column":31}},{"start":{"line":35,"column":35},"end":{"line":35,"column":55}}],"line":35},"4":{"loc":{"start":{"line":36,"column":8},"end":{"line":40,"column":9}},"type":"if","locations":[{"start":{"line":36,"column":8},"end":{"line":40,"column":9}},{"start":{"line":38,"column":15},"end":{"line":40,"column":9}}],"line":36}},"s":{"0":0,"1":0,"2":0,"3":0,"4":0,"5":0,"6":0,"7":0,"8":0,"9":0,"10":0,"11":0,"12":0,"13":0,"14":0,"15":0,"16":0,"17":0,"18":0,"19":0},"f":{"0":0,"1":0,"2":0},"b":{"0":[0,0],"1":[0,0],"2":[0,0],"3":[0,0],"4":[0,0]}}
,"/home/unknown/Projects/libraryMS/libraryMS/backend/middleware/optionalAuth.js": {"path":"/home/unknown/Projects/libraryMS/libraryMS/backend/middleware/optionalAuth.js","statementMap":{"0":{"start":{"line":1,"column":12},"end":{"line":1,"column":35}},"1":{"start":{"line":2,"column":13},"end":{"line":2,"column":38}},"2":{"start":{"line":5,"column":21},"end":{"line":35,"column":1}},"3":{"start":{"line":6,"column":2},"end":{"line":34,"column":3}},"4":{"start":{"line":9,"column":4},"end":{"line":11,"column":5}},"5":{"start":{"line":10,"column":6},"end":{"line":10,"column":54}},"6":{"start":{"line":13,"column":4},"end":{"line":16,"column":5}},"7":{"start":{"line":14,"column":6},"end":{"line":14,"column":22}},"8":{"start":{"line":15,"column":6},"end":{"line":15,"column":20}},"9":{"start":{"line":19,"column":20},"end":{"line":19,"column":61}},"10":{"start":{"line":22,"column":17},"end":{"line":22,"column":68}},"11":{"start":{"line":24,"column":4},"end":{"line":28,"column":5}},"12":{"start":{"line":25,"column":6},"end":{"line":25,"column":22}},"13":{"start":{"line":27,"column":6},"end":{"line":27,"column":22}},"14":{"start":{"line":30,"column":4},"end":{"line":30,"column":11}},"15":{"start":{"line":32,"column":4},"end":{"line":32,"column":20}},"16":{"start":{"line":33,"column":4},"end":{"line":33,"column":11}},"17":{"start":{"line":37,"column":0},"end":{"line":37,"column":34}}},"fnMap":{"0":{"name":"(anonymous_0)","decl":{"start":{"line":5,"column":21},"end":{"line":5,"column":22}},"loc":{"start":{"line":5,"column":47},"end":{"line":35,"column":1}},"line":5}},"branchMap":{"0":{"loc":{"start":{"line":9,"column":4},"end":{"line":11,"column":5}},"type":"if","locations":[{"start":{"line":9,"column":4},"end":{"line":11,"column":5}},{"start":{},"end":{}}],"line":9},"1":{"loc":{"start":{"line":9,"column":8},"end":{"line":9,"column":83}},"type":"binary-expr","locations":[{"start":{"line":9,"column":8},"end":{"line":9,"column":33}},{"start":{"line":9,"column":37},"end":{"line":9,"column":83}}],"line":9},"2":{"loc":{"start":{"line":13,"column":4},"end":{"line":16,"column":5}},"type":"if","locations":[{"start":{"line":13,"column":4},"end":{"line":16,"column":5}},{"start":{},"end":{}}],"line":13},"3":{"loc":{"start":{"line":24,"column":4},"end":{"line":28,"column":5}},"type":"if","locations":[{"start":{"line":24,"column":4},"end":{"line":28,"column":5}},{"start":{"line":26,"column":11},"end":{"line":28,"column":5}}],"line":24},"4":{"loc":{"start":{"line":24,"column":8},"end":{"line":24,"column":29}},"type":"binary-expr","locations":[{"start":{"line":24,"column":8},"end":{"line":24,"column":12}},{"start":{"line":24,"column":16},"end":{"line":24,"column":29}}],"line":24}},"s":{"0":0,"1":0,"2":0,"3":0,"4":0,"5":0,"6":0,"7":0,"8":0,"9":0,"10":0,"11":0,"12":0,"13":0,"14":0,"15":0,"16":0,"17":0},"f":{"0":0},"b":{"0":[0,0],"1":[0,0],"2":[0,0],"3":[0,0],"4":[0,0]}}
,"/home/unknown/Projects/libraryMS/libraryMS/backend/middleware/rateLimiter.js": {"path":"/home/unknown/Projects/libraryMS/libraryMS/backend/middleware/rateLimiter.js","statementMap":{"0":{"start":{"line":1,"column":18},"end":{"line":1,"column":47}},"1":{"start":{"line":4,"column":20},"end":{"line":10,"column":2}},"2":{"start":{"line":13,"column":19},"end":{"line":18,"column":2}},"3":{"start":{"line":20,"column":0},"end":{"line":20,"column":45}}},"fnMap":{},"branchMap":{},"s":{"0":0,"1":0,"2":0,"3":0},"f":{},"b":{}}
,"/home/unknown/Projects/libraryMS/libraryMS/backend/middleware/upload.js": {"path":"/home/unknown/Projects/libraryMS/libraryMS/backend/middleware/upload.js","statementMap":{"0":{"start":{"line":1,"column":15},"end":{"line":1,"column":32}},"1":{"start":{"line":2,"column":11},"end":{"line":2,"column":24}},"2":{"start":{"line":5,"column":18},"end":{"line":5,"column":35}},"3":{"start":{"line":6,"column":0},"end":{"line":8,"column":1}},"4":{"start":{"line":7,"column":2},"end":{"line":7,"column":47}},"5":{"start":{"line":10,"column":16},"end":{"line":18,"column":2}},"6":{"start":{"line":12,"column":4},"end":{"line":12,"column":24}},"7":{"start":{"line":15,"column":34},"end":{"line":15,"column":72}},"8":{"start":{"line":16,"column":4},"end":{"line":16,"column":55}},"9":{"start":{"line":20,"column":19},"end":{"line":32,"column":1}},"10":{"start":{"line":21,"column":27},"end":{"line":25,"column":3}},"11":{"start":{"line":27,"column":2},"end":{"line":31,"column":3}},"12":{"start":{"line":28,"column":4},"end":{"line":28,"column":19}},"13":{"start":{"line":30,"column":4},"end":{"line":30,"column":60}},"14":{"start":{"line":34,"column":15},"end":{"line":40,"column":2}},"15":{"start":{"line":42,"column":0},"end":{"line":42,"column":24}}},"fnMap":{"0":{"name":"(anonymous_0)","decl":{"start":{"line":11,"column":15},"end":{"line":11,"column":16}},"loc":{"start":{"line":11,"column":40},"end":{"line":13,"column":3}},"line":11},"1":{"name":"(anonymous_1)","decl":{"start":{"line":14,"column":12},"end":{"line":14,"column":13}},"loc":{"start":{"line":14,"column":37},"end":{"line":17,"column":3}},"line":14},"2":{"name":"(anonymous_2)","decl":{"start":{"line":20,"column":19},"end":{"line":20,"column":20}},"loc":{"start":{"line":20,"column":38},"end":{"line":32,"column":1}},"line":20}},"branchMap":{"0":{"loc":{"start":{"line":6,"column":0},"end":{"line":8,"column":1}},"type":"if","locations":[{"start":{"line":6,"column":0},"end":{"line":8,"column":1}},{"start":{},"end":{}}],"line":6},"1":{"loc":{"start":{"line":27,"column":2},"end":{"line":31,"column":3}},"type":"if","locations":[{"start":{"line":27,"column":2},"end":{"line":31,"column":3}},{"start":{"line":29,"column":9},"end":{"line":31,"column":3}}],"line":27}},"s":{"0":0,"1":0,"2":0,"3":0,"4":0,"5":0,"6":0,"7":0,"8":0,"9":0,"10":0,"11":0,"12":0,"13":0,"14":0,"15":0},"f":{"0":0,"1":0,"2":0},"b":{"0":[0,0],"1":[0,0]}}
,"/home/unknown/Projects/libraryMS/libraryMS/backend/routes/authRoutes.js": {"path":"/home/unknown/Projects/libraryMS/libraryMS/backend/routes/authRoutes.js","statementMap":{"0":{"start":{"line":1,"column":16},"end":{"line":1,"column":34}},"1":{"start":{"line":2,"column":35},"end":{"line":2,"column":75}},"2":{"start":{"line":3,"column":20},"end":{"line":3,"column":49}},"3":{"start":{"line":4,"column":24},"end":{"line":4,"column":60}},"4":{"start":{"line":6,"column":15},"end":{"line":6,"column":31}},"5":{"start":{"line":8,"column":0},"end":{"line":8,"column":48}},"6":{"start":{"line":9,"column":0},"end":{"line":9,"column":42}},"7":{"start":{"line":10,"column":0},"end":{"line":10,"column":34}},"8":{"start":{"line":12,"column":0},"end":{"line":12,"column":24}}},"fnMap":{},"branchMap":{},"s":{"0":0,"1":0,"2":0,"3":0,"4":0,"5":0,"6":0,"7":0,"8":0},"f":{},"b":{}}
,"/home/unknown/Projects/libraryMS/libraryMS/backend/routes/bookRoutes.js": {"path":"/home/unknown/Projects/libraryMS/libraryMS/backend/routes/bookRoutes.js","statementMap":{"0":{"start":{"line":1,"column":16},"end":{"line":1,"column":34}},"1":{"start":{"line":9,"column":4},"end":{"line":9,"column":44}},"2":{"start":{"line":10,"column":27},"end":{"line":10,"column":56}},"3":{"start":{"line":11,"column":25},"end":{"line":11,"column":62}},"4":{"start":{"line":13,"column":28},"end":{"line":13,"column":58}},"5":{"start":{"line":14,"column":15},"end":{"line":14,"column":46}},"6":{"start":{"line":16,"column":15},"end":{"line":16,"column":31}},"7":{"start":{"line":18,"column":0},"end":{"line":20,"column":59}},"8":{"start":{"line":22,"column":0},"end":{"line":22,"column":35}},"9":{"start":{"line":24,"column":0},"end":{"line":27,"column":38}},"10":{"start":{"line":29,"column":0},"end":{"line":29,"column":24}}},"fnMap":{},"branchMap":{},"s":{"0":0,"1":0,"2":0,"3":0,"4":0,"5":0,"6":0,"7":0,"8":0,"9":0,"10":0},"f":{},"b":{}}
,"/home/unknown/Projects/libraryMS/libraryMS/backend/routes/ebookRoutes.js": {"path":"/home/unknown/Projects/libraryMS/libraryMS/backend/routes/ebookRoutes.js","statementMap":{"0":{"start":{"line":1,"column":16},"end":{"line":1,"column":34}},"1":{"start":{"line":2,"column":15},"end":{"line":2,"column":31}},"2":{"start":{"line":3,"column":40},"end":{"line":3,"column":81}},"3":{"start":{"line":4,"column":20},"end":{"line":4,"column":49}},"4":{"start":{"line":6,"column":0},"end":{"line":6,"column":47}},"5":{"start":{"line":7,"column":0},"end":{"line":7,"column":46}},"6":{"start":{"line":9,"column":0},"end":{"line":9,"column":24}}},"fnMap":{},"branchMap":{},"s":{"0":0,"1":0,"2":0,"3":0,"4":0,"5":0,"6":0},"f":{},"b":{}}
,"/home/unknown/Projects/libraryMS/libraryMS/backend/routes/publicRoutes.js": {"path":"/home/unknown/Projects/libraryMS/libraryMS/backend/routes/publicRoutes.js","statementMap":{"0":{"start":{"line":1,"column":16},"end":{"line":1,"column":34}},"1":{"start":{"line":2,"column":15},"end":{"line":2,"column":31}},"2":{"start":{"line":3,"column":13},"end":{"line":3,"column":38}},"3":{"start":{"line":4,"column":13},"end":{"line":4,"column":38}},"4":{"start":{"line":5,"column":43},"end":{"line":5,"column":83}},"5":{"start":{"line":6,"column":25},"end":{"line":6,"column":62}},"6":{"start":{"line":7,"column":28},"end":{"line":7,"column":58}},"7":{"start":{"line":10,"column":0},"end":{"line":10,"column":53}},"8":{"start":{"line":13,"column":0},"end":{"line":13,"column":41}},"9":{"start":{"line":16,"column":0},"end":{"line":16,"column":48}},"10":{"start":{"line":19,"column":0},"end":{"line":43,"column":3}},"11":{"start":{"line":20,"column":2},"end":{"line":42,"column":3}},"12":{"start":{"line":21,"column":23},"end":{"line":21,"column":68}},"13":{"start":{"line":22,"column":30},"end":{"line":26,"column":6}},"14":{"start":{"line":27,"column":28},"end":{"line":30,"column":6}},"15":{"start":{"line":31,"column":25},"end":{"line":31,"column":70}},"16":{"start":{"line":33,"column":4},"end":{"line":38,"column":7}},"17":{"start":{"line":40,"column":4},"end":{"line":40,"column":25}},"18":{"start":{"line":41,"column":4},"end":{"line":41,"column":54}},"19":{"start":{"line":45,"column":0},"end":{"line":45,"column":24}}},"fnMap":{"0":{"name":"(anonymous_0)","decl":{"start":{"line":19,"column":21},"end":{"line":19,"column":22}},"loc":{"start":{"line":19,"column":41},"end":{"line":43,"column":1}},"line":19}},"branchMap":{},"s":{"0":0,"1":0,"2":0,"3":0,"4":0,"5":0,"6":0,"7":0,"8":0,"9":0,"10":0,"11":0,"12":0,"13":0,"14":0,"15":0,"16":0,"17":0,"18":0,"19":0},"f":{"0":0},"b":{}}
,"/home/unknown/Projects/libraryMS/libraryMS/backend/routes/transactionRoutes.js": {"path":"/home/unknown/Projects/libraryMS/libraryMS/backend/routes/transactionRoutes.js","statementMap":{"0":{"start":{"line":1,"column":16},"end":{"line":1,"column":34}},"1":{"start":{"line":10,"column":4},"end":{"line":10,"column":51}},"2":{"start":{"line":11,"column":27},"end":{"line":11,"column":56}},"3":{"start":{"line":13,"column":15},"end":{"line":13,"column":31}},"4":{"start":{"line":16,"column":0},"end":{"line":17,"column":33}},"5":{"start":{"line":19,"column":0},"end":{"line":19,"column":46}},"6":{"start":{"line":20,"column":0},"end":{"line":20,"column":44}},"7":{"start":{"line":22,"column":0},"end":{"line":24,"column":45}},"8":{"start":{"line":26,"column":0},"end":{"line":26,"column":67}},"9":{"start":{"line":27,"column":0},"end":{"line":27,"column":60}},"10":{"start":{"line":29,"column":0},"end":{"line":29,"column":24}}},"fnMap":{},"branchMap":{},"s":{"0":0,"1":0,"2":0,"3":0,"4":0,"5":0,"6":0,"7":0,"8":0,"9":0,"10":0},"f":{},"b":{}}
,"/home/unknown/Projects/libraryMS/libraryMS/backend/routes/userRoutes.js": {"path":"/home/unknown/Projects/libraryMS/libraryMS/backend/routes/userRoutes.js","statementMap":{"0":{"start":{"line":1,"column":16},"end":{"line":1,"column":34}},"1":{"start":{"line":12,"column":4},"end":{"line":12,"column":44}},"2":{"start":{"line":13,"column":27},"end":{"line":13,"column":56}},"3":{"start":{"line":15,"column":15},"end":{"line":15,"column":31}},"4":{"start":{"line":17,"column":0},"end":{"line":19,"column":31}},"5":{"start":{"line":21,"column":0},"end":{"line":21,"column":56}},"6":{"start":{"line":23,"column":0},"end":{"line":23,"column":65}},"7":{"start":{"line":26,"column":0},"end":{"line":26,"column":66}},"8":{"start":{"line":28,"column":0},"end":{"line":29,"column":33}},"9":{"start":{"line":31,"column":0},"end":{"line":34,"column":38}},"10":{"start":{"line":36,"column":0},"end":{"line":36,"column":24}}},"fnMap":{},"branchMap":{},"s":{"0":0,"1":0,"2":0,"3":0,"4":0,"5":0,"6":0,"7":0,"8":0,"9":0,"10":0},"f":{},"b":{}}
}
